\BOOKMARK [1][-]{section.1}{\376\377\006\105\006\102\006\057\006\105\006\107}{}% 1
\BOOKMARK [1][-]{section.2}{\376\377\006\176\006\314\006\047\006\057\006\107\000\040\006\063\006\047\006\062\006\314\000\040\006\050\006\104\006\110\006\251\000\040\006\107\006\047\000\040\006\050\006\107\000\040\006\065\006\110\006\061\006\052\000\040\006\105\006\054\006\062\006\047}{}% 2
\BOOKMARK [2][-]{subsection.2.1}{}{section.2}% 3
\BOOKMARK [2][-]{subsection.2.2}{}{section.2}% 4
\BOOKMARK [2][-]{subsection.2.3}{}{section.2}% 5
\BOOKMARK [2][-]{subsection.2.4}{}{section.2}% 6
\BOOKMARK [2][-]{subsection.2.5}{}{section.2}% 7
\BOOKMARK [2][-]{subsection.2.6}{}{section.2}% 8
\BOOKMARK [1][-]{section.3}{\376\377\006\047\006\106\006\052\006\102\006\047\006\104\000\040\006\057\006\106\006\050\006\047\006\104\006\107\000\040\006\052\006\065\006\047\006\057\006\101\006\314\000\040\006\065\006\101\006\061\000\040\006\110\000\040\006\314\006\251}{}% 9
\BOOKMARK [2][-]{subsection.3.1}{\376\377\006\105\006\110\006\104\006\047\006\063\006\314\006\110\006\106\000\040\000P\000A\000M}{section.3}% 10
\BOOKMARK [2][-]{subsection.3.2}{\376\377\006\105\006\057\006\110\006\104\006\047\006\063\006\314\006\110\006\106\000\040\000P\000S\000K}{section.3}% 11
\BOOKMARK [2][-]{subsection.3.3}{\376\377\006\105\006\057\006\110\006\104\006\047\006\063\006\314\006\110\006\106\000\040\000F\000S\000K}{section.3}% 12
\BOOKMARK [2][-]{subsection.3.4}{}{section.3}% 13
\BOOKMARK [1][-]{section.4}{\376\377\006\047\006\106\006\052\006\102\006\047\006\104\000\040\006\057\006\106\006\050\006\047\006\104\006\107\000\040\006\047\006\314\000\040\006\047\006\062\000\040\006\047\006\071\006\057\006\047\006\057\000\040\006\370\006\050\006\314\006\052\006\314}{}% 14
\BOOKMARK [2][-]{subsection.4.1}{}{section.4}% 15
\BOOKMARK [2][-]{subsection.4.2}{}{section.4}% 16
\BOOKMARK [2][-]{subsection.4.3}{}{section.4}% 17
\BOOKMARK [1][-]{section.5}{\376\377\006\101\006\120\006\064\006\117\006\061\006\257\006\117\006\063\006\052\006\116\006\061\000!}{}% 18
\BOOKMARK [2][-]{subsection.5.1}{}{section.5}% 19
\BOOKMARK [2][-]{subsection.5.2}{}{section.5}% 20
\BOOKMARK [2][-]{subsection.5.3}{}{section.5}% 21
\BOOKMARK [2][-]{subsection.5.4}{}{section.5}% 22
\BOOKMARK [2][-]{subsection.5.5}{}{section.5}% 23
\BOOKMARK [2][-]{subsection.5.6}{}{section.5}% 24
\BOOKMARK [2][-]{subsection.5.7}{}{section.5}% 25
\BOOKMARK [2][-]{subsection.5.8}{}{section.5}% 26
\BOOKMARK [2][-]{subsection.5.9}{}{section.5}% 27
\BOOKMARK [3][-]{subsubsection.5.9.1}{\376\377\000L\000\040\000=\000\040\0004}{subsection.5.9}% 28
\BOOKMARK [3][-]{subsubsection.5.9.2}{\376\377\000L\000\040\000=\000\040\0005}{subsection.5.9}% 29
\BOOKMARK [3][-]{subsubsection.5.9.3}{\376\377\000L\000\040\000=\000\040\0006}{subsection.5.9}% 30
\BOOKMARK [3][-]{subsubsection.5.9.4}{\376\377\000L\000\040\000=\000\040\0007}{subsection.5.9}% 31
\BOOKMARK [3][-]{subsubsection.5.9.5}{\376\377\000L\000\040\000=\000\040\0008}{subsection.5.9}% 32
\BOOKMARK [2][-]{subsection.5.10}{}{section.5}% 33
\BOOKMARK [2][-]{subsection.5.11}{}{section.5}% 34
